<?xml version="1.0" encoding="UTF-8"?>
<!-- Generated by org.testng.reporters.JUnitReportReporter -->
<testsuite hostname="LM-SFX-21021278" failures="0" tests="1" name="upgradetest.UpgradeAPITests" time="1.213" errors="0" timestamp="5 Sep 2019 09:17:28 GMT">
  <testcase classname="upgradetest.UpgradeAPITests" name="testStates" time="1.213"/>
</testsuite> <!-- upgradetest.UpgradeAPITests -->
