<?xml version="1.0" encoding="UTF-8"?>
<!-- Generated by org.testng.reporters.JUnitReportReporter -->
<testsuite hostname="LM-SFX-21021278" name="upgradetest.MyTest" tests="1" failures="0" timestamp="25 Aug 2019 01:41:43 GMT" time="2.369" errors="0">
  <testcase name="testSample" time="2.369" classname="upgradetest.MyTest"/>
</testsuite> <!-- upgradetest.MyTest -->
